DB Error in Campaign.findAll: ECONNREFUSED
DB Error in Campaign.findAll: ECONNREFUSED
DB Error in Campaign.findAll: ECONNREFUSED
DB Create error: ECONNREFUSED
DB findById error: ECONNREFUSED
DB Update error: ECONNREFUSED
DB findById error: ECONNREFUSED
DB Create error: ECONNREFUSED
DB findById error: ECONNREFUSED
DB Error in Campaign.findAll: ECONNREFUSED
DB Error in Campaign.findAll: ECONNREFUSED
DB Error in Campaign.findAll: ECONNREFUSED
DB Error in Campaign.findAll: ECONNREFUSED
DB Error in Campaign.findAll: ECONNREFUSED
DB Error in Campaign.findAll: ECONNREFUSED
DB Error in Campaign.findAll: ECONNREFUSED
DB Delete error: ECONNREFUSED
DB Error in Campaign.findAll: ECONNREFUSED
DB Error in Campaign.findAll: ECONNREFUSED
DB Error in Campaign.findAll: ECONNREFUSED
DB Error in Campaign.findAll: ECONNREFUSED
DB Error in Campaign.findAll: ECONNREFUSED
DB Error in Campaign.findAll: ECONNREFUSED
DB Error in Campaign.findAll: ECONNREFUSED
DB Error in Campaign.findAll: ECONNREFUSED
DB Error in Campaign.findAll: ECONNREFUSED
DB Update error: ECONNREFUSED
DB findById error: ECONNREFUSED
DB Error in Campaign.findAll: ECONNREFUSED
DB Error in Campaign.findAll: ECONNREFUSED
DB Error in Campaign.findAll: ECONNREFUSED
DB Error in Campaign.findAll: ECONNREFUSED
DB Error in Campaign.findAll: ECONNREFUSED
DB Error in Campaign.findAll: ECONNREFUSED
DB Error in Campaign.findAll: ECONNREFUSED
DB Error in Campaign.findAll: ECONNREFUSED
DB Error in Campaign.findAll: ECONNREFUSED
DB Error in Campaign.findAll: ECONNREFUSED
DB Error in Campaign.findAll: ECONNREFUSED
DB Error in Campaign.findAll: ECONNREFUSED
DB Error in Campaign.findAll: ECONNREFUSED
DB Error in Campaign.findAll: ECONNREFUSED
DB Delete error: ECONNREFUSED
DB Error in Campaign.findAll: ECONNREFUSED
DB Error in Campaign.findAll: ECONNREFUSED
DB Error in Campaign.findAll: ECONNREFUSED
DB Error in Campaign.findAll: ECONNREFUSED
DB Error in Campaign.findAll: ECONNREFUSED
DB Error in Campaign.findAll: ECONNREFUSED
DB Error in Campaign.findAll: ECONNREFUSED
DB Error in Campaign.findAll: ECONNREFUSED
DB Error in Campaign.findAll: ECONNREFUSED
DB Error in Campaign.findAll: ECONNREFUSED
DB Error in Campaign.findAll: ECONNREFUSED
DB Error in Campaign.findAll: ECONNREFUSED
DB Error in Campaign.findAll: ECONNREFUSED
DB Error in Campaign.findAll: ECONNREFUSED
DB Error in Campaign.findAll: ECONNREFUSED
DB Error in Campaign.findAll: ECONNREFUSED
DB Error in Campaign.findAll: ECONNREFUSED
DB Error in Campaign.findAll: ECONNREFUSED
DB Error in Campaign.findAll: ECONNREFUSED
DB Error in Campaign.findAll: ECONNREFUSED
DB Error in Campaign.findAll: ECONNREFUSED
DB Error in Campaign.findAll: ECONNREFUSED
DB Error in Campaign.findAll: ECONNREFUSED
DB Error in Campaign.findAll: ECONNREFUSED
DB Error in Campaign.findAll: ECONNREFUSED
DB Error in Campaign.findAll: ECONNREFUSED
DB Error in Campaign.findAll: ECONNREFUSED
DB Error in Campaign.findAll: ECONNREFUSED
DB Error in Campaign.findAll: ECONNREFUSED
DB Error in Campaign.findAll: ECONNREFUSED
DB Error in Campaign.findAll: ECONNREFUSED
DB Error in Campaign.findAll: ECONNREFUSED
DB Error in Campaign.findAll: ECONNREFUSED
DB Error in Campaign.findAll: ECONNREFUSED
DB Error in Campaign.findAll: ECONNREFUSED
DB Error in Campaign.findAll: ECONNREFUSED
DB Error in Campaign.findAll: ECONNREFUSED
DB Error in Campaign.findAll: ECONNREFUSED
DB Error in Campaign.findAll: ECONNREFUSED
DB Error in Campaign.findAll: ECONNREFUSED
DB Error in Campaign.findAll: ECONNREFUSED
DB Error in Campaign.findAll: ECONNREFUSED
DB Error in Campaign.findAll: ECONNREFUSED
DB Error in Campaign.findAll: ECONNREFUSED
DB Error in Campaign.findAll: ECONNREFUSED
DB Error in Campaign.findAll: ECONNREFUSED
DB Error in Campaign.findAll: ECONNREFUSED
DB Error in Campaign.findAll: ECONNREFUSED
DB Create error: ECONNREFUSED
DB findById error: ECONNREFUSED
DB Error in Campaign.findAll: ECONNREFUSED
DB Error in Campaign.findAll: ECONNREFUSED
DB Error in Campaign.findAll: ECONNREFUSED
DB Error in Campaign.findAll: ECONNREFUSED
DB Error in Campaign.findAll: ECONNREFUSED
DB Error in Campaign.findAll: ECONNREFUSED
DB Error in Campaign.findAll: ECONNREFUSED
DB Update error: ECONNREFUSED
DB findById error: ECONNREFUSED
DB Error in Campaign.findAll: ECONNREFUSED
DB Error in Campaign.findAll: ECONNREFUSED
DB Update error: ECONNREFUSED
DB findById error: ECONNREFUSED
DB Delete error: ECONNREFUSED
DB Error in Campaign.findAll: ECONNREFUSED
DB Error in Campaign.findAll: ECONNREFUSED
DB Error in Campaign.findAll: ECONNREFUSED
DB Create error: ECONNREFUSED
DB findById error: ECONNREFUSED
DB Error in Campaign.findAll: ECONNREFUSED
DB Error in Campaign.findAll: ECONNREFUSED
DB Error in Campaign.findAll: ECONNREFUSED
DB Delete error: ECONNREFUSED
DB Error in Campaign.findAll: ECONNREFUSED
DB Error in Campaign.findAll: ECONNREFUSED
DB Error in Campaign.findAll: ECONNREFUSED
DB Error in Campaign.findAll: ECONNREFUSED
DB Error in Campaign.findAll: ECONNREFUSED
DB Error in Campaign.findAll: ECONNREFUSED
DB Error in Campaign.findAll: ECONNREFUSED
DB Error in Campaign.findAll: ECONNREFUSED
